<?xml version="1.0" encoding="UTF-8"?>
<testng-results ignored="0" total="1" passed="1" failed="0" skipped="0">
  <reporter-output>
  </reporter-output>
  <suite started-at="2022-07-31T07:19:32Z" name="Suite" finished-at="2022-07-31T07:19:54Z" duration-ms="22258">
    <groups>
    </groups>
    <test started-at="2022-07-31T07:19:32Z" name="Test" finished-at="2022-07-31T07:19:54Z" duration-ms="22258">
      <class name="com.OrangeHRM.TestCases.OrgangeHRM">
        <test-method is-config="true" signature="startReport()[pri:0, instance:com.OrangeHRM.TestCases.OrgangeHRM@68267da0]" started-at="2022-07-31T07:19:31Z" name="startReport" finished-at="2022-07-31T07:19:32Z" duration-ms="656" status="PASS">
          <reporter-output>
          </reporter-output>
        </test-method> <!-- startReport -->
        <test-method is-config="true" signature="testinputs()[pri:0, instance:com.OrangeHRM.TestCases.OrgangeHRM@68267da0]" started-at="2022-07-31T07:19:32Z" name="testinputs" finished-at="2022-07-31T07:19:32Z" duration-ms="1" status="PASS">
          <reporter-output>
          </reporter-output>
        </test-method> <!-- testinputs -->
        <test-method is-config="true" signature="report()[pri:0, instance:com.OrangeHRM.TestCases.OrgangeHRM@68267da0]" started-at="2022-07-31T07:19:32Z" name="report" finished-at="2022-07-31T07:19:32Z" duration-ms="16" status="PASS">
          <reporter-output>
          </reporter-output>
        </test-method> <!-- report -->
        <test-method is-config="true" signature="LaunchApp()[pri:0, instance:com.OrangeHRM.TestCases.OrgangeHRM@68267da0]" started-at="2022-07-31T07:19:34Z" name="LaunchApp" finished-at="2022-07-31T07:19:46Z" duration-ms="11668" status="PASS">
          <reporter-output>
          </reporter-output>
        </test-method> <!-- LaunchApp -->
        <test-method signature="loginHRM(java.lang.String, java.lang.String)[pri:0, instance:com.OrangeHRM.TestCases.OrgangeHRM@68267da0]" started-at="2022-07-31T07:19:46Z" name="loginHRM" data-provider="getdata" finished-at="2022-07-31T07:19:54Z" duration-ms="7949" status="PASS">
          <params>
            <param index="0">
              <value>
                <![CDATA[Admin]]>
              </value>
            </param>
            <param index="1">
              <value>
                <![CDATA[admin123]]>
              </value>
            </param>
          </params>
          <reporter-output>
          </reporter-output>
        </test-method> <!-- loginHRM -->
        <test-method is-config="true" signature="teardown()[pri:0, instance:com.OrangeHRM.TestCases.OrgangeHRM@68267da0]" started-at="2022-07-31T07:19:54Z" name="teardown" finished-at="2022-07-31T07:19:54Z" duration-ms="254" status="PASS">
          <reporter-output>
          </reporter-output>
        </test-method> <!-- teardown -->
        <test-method is-config="true" signature="stopReport()[pri:0, instance:com.OrangeHRM.TestCases.OrgangeHRM@68267da0]" started-at="2022-07-31T07:19:54Z" name="stopReport" finished-at="2022-07-31T07:19:55Z" duration-ms="654" status="PASS">
          <reporter-output>
          </reporter-output>
        </test-method> <!-- stopReport -->
      </class> <!-- com.OrangeHRM.TestCases.OrgangeHRM -->
    </test> <!-- Test -->
  </suite> <!-- Suite -->
</testng-results>
